<?xml version="1.0" encoding="UTF-8"?>
<!-- Generated by org.testng.reporters.JUnitXMLReporter -->
<testsuite ignored="0" hostname="DESKTOP-PGMSM94" failures="0" tests="4" name="Default test" time="17.592" errors="0" timestamp="2023-08-16T18:59:10 BST">
  <testcase classname="AnswerDigital.LoginFrameworkDesign.LoginTest" name="locked_out_user" time="3.946"/>
  <testcase classname="AnswerDigital.LoginFrameworkDesign.LoginTest" name="succesful_login_ids" time="2.641"/>
  <testcase classname="AnswerDigital.LoginFrameworkDesign.LoginTest" name="succesful_login_ids" time="2.759"/>
  <testcase classname="AnswerDigital.LoginFrameworkDesign.LoginTest" name="succesful_login_ids" time="8.139"/>
</testsuite> <!-- Default test -->
