<?xml version="1.0" encoding="UTF-8"?>
<testng-results ignored="0" total="4" passed="4" failed="0" skipped="0">
  <reporter-output>
  </reporter-output>
  <suite started-at="2023-08-16T18:58:53 BST" name="Default suite" finished-at="2023-08-16T18:59:10 BST" duration-ms="17592">
    <groups>
    </groups>
    <test started-at="2023-08-16T18:58:53 BST" name="Default test" finished-at="2023-08-16T18:59:10 BST" duration-ms="17592">
      <class name="AnswerDigital.LoginFrameworkDesign.LoginTest">
        <test-method signature="locked_out_user()[pri:0, instance:AnswerDigital.LoginFrameworkDesign.LoginTest@576d5deb]" started-at="2023-08-16T18:58:53 BST" name="locked_out_user" finished-at="2023-08-16T18:58:57 BST" duration-ms="3946" status="PASS">
          <reporter-output>
          </reporter-output>
        </test-method> <!-- locked_out_user -->
        <test-method signature="succesful_login_ids(java.lang.String,java.lang.String)[pri:0, instance:AnswerDigital.LoginFrameworkDesign.LoginTest@576d5deb]" started-at="2023-08-16T18:58:57 BST" name="succesful_login_ids" data-provider="logincredetials" finished-at="2023-08-16T18:58:59 BST" duration-ms="2641" status="PASS">
          <params>
            <param index="0">
              <value>
                <![CDATA[standard_user]]>
              </value>
            </param>
            <param index="1">
              <value>
                <![CDATA[secret_sauce]]>
              </value>
            </param>
          </params>
          <reporter-output>
          </reporter-output>
        </test-method> <!-- succesful_login_ids -->
        <test-method signature="succesful_login_ids(java.lang.String,java.lang.String)[pri:0, instance:AnswerDigital.LoginFrameworkDesign.LoginTest@576d5deb]" started-at="2023-08-16T18:58:59 BST" name="succesful_login_ids" data-provider="logincredetials" finished-at="2023-08-16T18:59:02 BST" duration-ms="2759" status="PASS">
          <params>
            <param index="0">
              <value>
                <![CDATA[problem_user]]>
              </value>
            </param>
            <param index="1">
              <value>
                <![CDATA[secret_sauce]]>
              </value>
            </param>
          </params>
          <reporter-output>
          </reporter-output>
        </test-method> <!-- succesful_login_ids -->
        <test-method signature="succesful_login_ids(java.lang.String,java.lang.String)[pri:0, instance:AnswerDigital.LoginFrameworkDesign.LoginTest@576d5deb]" started-at="2023-08-16T18:59:02 BST" name="succesful_login_ids" data-provider="logincredetials" finished-at="2023-08-16T18:59:10 BST" duration-ms="8139" status="PASS">
          <params>
            <param index="0">
              <value>
                <![CDATA[performance_glitch_user]]>
              </value>
            </param>
            <param index="1">
              <value>
                <![CDATA[secret_sauce]]>
              </value>
            </param>
          </params>
          <reporter-output>
          </reporter-output>
        </test-method> <!-- succesful_login_ids -->
      </class> <!-- AnswerDigital.LoginFrameworkDesign.LoginTest -->
    </test> <!-- Default test -->
  </suite> <!-- Default suite -->
</testng-results>
